Using pre-set license
Built from '2020.3/release' branch; Version is '2020.3.12f1 (b3b2c6512326) revision 11776710'; Using compiler version '192528614'; Build Type 'Release'
OS: 'Windows 10 Pro; OS build 19042.1052; Version 2009; 64bit' Language: 'ko' Physical Memory: 16279 MB
BatchMode: 1, IsHumanControllingUs: 0, StartBugReporterOnCrash: 0, Is64bit: 1, IsPro: 0

 COMMAND LINE ARGUMENTS:
C:\Program Files\2020.3.12f1\Editor\Unity.exe
-adb2
-batchMode
-noUpm
-name
AssetImportWorker0
-projectPath
C:/projects/db/DB_AR_APP
-logFile
Logs/AssetImportWorker0.log
-srvPort
8482
Successfully changed project path to: C:/projects/db/DB_AR_APP
C:/projects/db/DB_AR_APP
Using Asset Import Pipeline V2.
Refreshing native plugins compatible for Editor in 56.61 ms, found 2 plugins.
Preloading 0 native plugins for Editor in 0.00 ms.
Initialize engine version: 2020.3.12f1 (b3b2c6512326)
[Subsystems] Discovering subsystems at path C:/Program Files/2020.3.12f1/Editor/Data/Resources/UnitySubsystems
[Subsystems] Discovering subsystems at path C:/projects/db/DB_AR_APP/Assets
GfxDevice: creating device client; threaded=0
Direct3D:
    Version:  Direct3D 11.0 [level 11.0]
    Renderer: NVIDIA GeForce GTX 960M (ID=0x139b)
    Vendor:   
    VRAM:     4055 MB
    Driver:   27.21.14.6089
Initialize mono
Mono path[0] = 'C:/Program Files/2020.3.12f1/Editor/Data/Managed'
Mono path[1] = 'C:/Program Files/2020.3.12f1/Editor/Data/MonoBleedingEdge/lib/mono/unityjit'
Mono config path = 'C:/Program Files/2020.3.12f1/Editor/Data/MonoBleedingEdge/etc'
Using monoOptions --debugger-agent=transport=dt_socket,embedding=1,server=y,suspend=n,address=127.0.0.1:56668
Begin MonoManager ReloadAssembly
Registering precompiled unity dll's ...
Register platform support module: C:/Program Files/2020.3.12f1/Editor/Data/PlaybackEngines/WindowsStandaloneSupport/UnityEditor.WindowsStandalone.Extensions.dll
Registered in 0.005241 seconds.
Native extension for WindowsStandalone target not found
Refreshing native plugins compatible for Editor in 40.88 ms, found 2 plugins.
Preloading 0 native plugins for Editor in 0.00 ms.
Mono: successfully reloaded assembly
- Completed reload, in  3.425 seconds
Platform modules already initialized, skipping
Registering precompiled user dll's ...
Registered in 0.011425 seconds.
Begin MonoManager ReloadAssembly
Native extension for WindowsStandalone target not found
Refreshing native plugins compatible for Editor in 0.42 ms, found 2 plugins.
Preloading 0 native plugins for Editor in 0.00 ms.
Mono: successfully reloaded assembly
- Completed reload, in  1.616 seconds
Platform modules already initialized, skipping
========================================================================
Worker process is ready to serve import requests
Launched and connected shader compiler UnityShaderCompiler.exe after 0.10 seconds
Refreshing native plugins compatible for Editor in 0.45 ms, found 2 plugins.
Preloading 0 native plugins for Editor in 0.00 ms.
Unloading 1731 Unused Serialized files (Serialized files now loaded: 0)
System memory in use before: 78.7 MB.
System memory in use after: 78.8 MB.

Unloading 21 unused Assets to reduce memory usage. Loaded Objects now: 2165.
Total: 3.030600 ms (FindLiveObjects: 0.171500 ms CreateObjectMapping: 0.083100 ms MarkObjects: 2.649800 ms  DeleteObjects: 0.124800 ms)

AssetImportParameters requested are different than current active one (requested -> active):
  custom:framework-win-MediaFoundation: 216162199b28c13a410421893ffa2e32 -> 
  custom:video-decoder-ogg-theora: a1e56fd34408186e4bbccfd4996cb3dc -> 
  custom:container-muxer-webm: aa71ff27fc2769a1b78a27578f13a17b -> 
  custom:container-demuxer-webm: 4f35f7cbe854078d1ac9338744f61a02 -> 
  custom:container-demuxer-ogg: 62fdf1f143b41e24485cea50d1cbac27 -> 
  custom:video-encoder-webm-vp8: eb34c28f22e8b96e1ab97ce403110664 -> 
  custom:video-codec-MediaFoundation-h265: 746d11721c4dcdbdad8f713fa42b33f4 -> 
  custom:video-decoder-webm-vp8: 9c59270c3fd7afecdb556c50c9e8de78 -> 
  custom:audio-decoder-ogg-vorbis: bf7c407c2cedff20999df2af8eb42d56 -> 
  custom:audio-encoder-webm-vorbis: bf7c407c2cedff20999df2af8eb42d56 -> 
========================================================================
Received Import Request.
  path: Assets/Resource
  artifactKey: Guid(a72244f97601b8c4cb7f1e70f56b7648) Importer(815301076,1909f56bfc062723c751e8b465ee728b)
Start importing Assets/Resource using Guid(a72244f97601b8c4cb7f1e70f56b7648) Importer(815301076,1909f56bfc062723c751e8b465ee728b)  -> (artifact id: 'd4c1e59e5fb85368aa6015ce3400cd7d') in 0.010969 seconds 
  Import took 0.014726 seconds .

========================================================================
Received Import Request.
  Time since last request: 8.377480 seconds.
  path: Assets/Resource/pizza.fbx
  artifactKey: Guid(40ddb69c0e9dd6a4289fc89f2d0d77b8) Importer(815301076,1909f56bfc062723c751e8b465ee728b)
Start importing Assets/Resource/pizza.fbx using Guid(40ddb69c0e9dd6a4289fc89f2d0d77b8) Importer(815301076,1909f56bfc062723c751e8b465ee728b)  -> (artifact id: 'a6fcdf6309572030411a3455c4bb9214') in 1.143285 seconds 
  Import took 1.149674 seconds .

========================================================================
Received Import Request.
  Time since last request: 231.864969 seconds.
  path: Packages/com.unity.xr.arfoundation/Runtime/AR/ARRaycastManager.cs
  artifactKey: Guid(fa17d122634046b4a8e23048891fafc5) Importer(815301076,1909f56bfc062723c751e8b465ee728b)
Start importing Packages/com.unity.xr.arfoundation/Runtime/AR/ARRaycastManager.cs using Guid(fa17d122634046b4a8e23048891fafc5) Importer(815301076,1909f56bfc062723c751e8b465ee728b)  -> (artifact id: 'f7bc0ddd115a07095f40919b6961cf08') in 0.037377 seconds 
  Import took 0.049143 seconds .

========================================================================
Received Import Request.
  Time since last request: 104.256574 seconds.
  path: Assets/Resource/Object
  artifactKey: Guid(4c3e9bca247ce484b896c3ad5299d300) Importer(815301076,1909f56bfc062723c751e8b465ee728b)
Start importing Assets/Resource/Object using Guid(4c3e9bca247ce484b896c3ad5299d300) Importer(815301076,1909f56bfc062723c751e8b465ee728b)  -> (artifact id: '01f48781d81558dda046367cc09d7b13') in 0.010515 seconds 
  Import took 0.016973 seconds .

========================================================================
Received Import Request.
  Time since last request: 178.113672 seconds.
  path: Assets/Resource/Object/pizza.obj
  artifactKey: Guid(7936fa4dbb5131048a5023faeedadd53) Importer(815301076,1909f56bfc062723c751e8b465ee728b)
Start importing Assets/Resource/Object/pizza.obj using Guid(7936fa4dbb5131048a5023faeedadd53) Importer(815301076,1909f56bfc062723c751e8b465ee728b)  -> (artifact id: '3e94fa346b8c38ff9070b45bab0fff65') in 0.070327 seconds 
  Import took 0.078137 seconds .

========================================================================
Received Import Request.
  Time since last request: 297.314075 seconds.
  path: Assets/Resource/Object/pizza.blend
  artifactKey: Guid(0f3fb39bfea2b8348ab403d558358609) Importer(815301076,1909f56bfc062723c751e8b465ee728b)
Start importing Assets/Resource/Object/pizza.blend using Guid(0f3fb39bfea2b8348ab403d558358609) Importer(815301076,1909f56bfc062723c751e8b465ee728b)  -> (artifact id: 'bcf4f873a7968279de503c2c6379ee9e') in 0.016634 seconds 
  Import took 0.021303 seconds .

========================================================================
Received Import Request.
  Time since last request: 8.884655 seconds.
  path: Assets/Resource/Donuts_blend
  artifactKey: Guid(81c30758b163c2e4387df435432d55b4) Importer(815301076,1909f56bfc062723c751e8b465ee728b)
Start importing Assets/Resource/Donuts_blend using Guid(81c30758b163c2e4387df435432d55b4) Importer(815301076,1909f56bfc062723c751e8b465ee728b)  -> (artifact id: 'ebca9cb80da1fdade0778db5b61e72fb') in 0.010093 seconds 
  Import took 0.015200 seconds .

========================================================================
Received Import Request.
  Time since last request: 1.291470 seconds.
  path: Assets/Resource/Donuts_blend/Donuts.blend
  artifactKey: Guid(16421a70720648341ada5f6a9684856d) Importer(815301076,1909f56bfc062723c751e8b465ee728b)
Start importing Assets/Resource/Donuts_blend/Donuts.blend using Guid(16421a70720648341ada5f6a9684856d) Importer(815301076,1909f56bfc062723c751e8b465ee728b)  -> (artifact id: '41ede8518a561b885e3d07ba447461a6') in 0.009256 seconds 
  Import took 0.014908 seconds .

========================================================================
Received Import Request.
  Time since last request: 1.120706 seconds.
  path: Assets/Resource/Donuts_blend/donuts_textures.zip
  artifactKey: Guid(9b2902cabe041cd4f983041dfdd3354f) Importer(815301076,1909f56bfc062723c751e8b465ee728b)
Start importing Assets/Resource/Donuts_blend/donuts_textures.zip using Guid(9b2902cabe041cd4f983041dfdd3354f) Importer(815301076,1909f56bfc062723c751e8b465ee728b)  -> (artifact id: 'a18267899a370661ae50e0314c024d60') in 0.038474 seconds 
  Import took 0.042076 seconds .

========================================================================
Received Import Request.
  Time since last request: 14.622031 seconds.
  path: Assets/Resource/Donuts_blend/donuts_textures
  artifactKey: Guid(f5f9133bf76275e43a9411b5ac2390ee) Importer(815301076,1909f56bfc062723c751e8b465ee728b)
Start importing Assets/Resource/Donuts_blend/donuts_textures using Guid(f5f9133bf76275e43a9411b5ac2390ee) Importer(815301076,1909f56bfc062723c751e8b465ee728b)  -> (artifact id: '57880224fe690926173c743cdf1a715e') in 0.010427 seconds 
  Import took 0.017941 seconds .

========================================================================
Received Import Request.
  Time since last request: 24.150078 seconds.
  path: Assets/Resource/Donuts_blend/Donuts 1.blend
  artifactKey: Guid(160006c9c1a95ff4ca3b155b3c38554b) Importer(815301076,1909f56bfc062723c751e8b465ee728b)
Start importing Assets/Resource/Donuts_blend/Donuts 1.blend using Guid(160006c9c1a95ff4ca3b155b3c38554b) Importer(815301076,1909f56bfc062723c751e8b465ee728b)  -> (artifact id: '9c1c241604229346a1d463f8451f7ae3') in 0.010795 seconds 
  Import took 0.016337 seconds .

========================================================================
Received Import Request.
  Time since last request: 9.851762 seconds.
  path: Assets/Resource/Donuts_blend/donuts_textures/Donut_6_Icing_Diffuse2.png
  artifactKey: Guid(99efe9ba3c1ff974d8f906de84680785) Importer(815301076,1909f56bfc062723c751e8b465ee728b)
Start importing Assets/Resource/Donuts_blend/donuts_textures/Donut_6_Icing_Diffuse2.png using Guid(99efe9ba3c1ff974d8f906de84680785) Importer(815301076,1909f56bfc062723c751e8b465ee728b)  -> (artifact id: 'ceb133915c9fa23d74750802148fcc12') in 0.042302 seconds 
  Import took 0.047079 seconds .

========================================================================
Received Import Request.
  Time since last request: 0.000441 seconds.
  path: Assets/Resource/Donuts_blend/donuts_textures/Donut_7_Diffuse.png
  artifactKey: Guid(edf6781bcb1d8e849afcdb2582e4a46d) Importer(815301076,1909f56bfc062723c751e8b465ee728b)
Start importing Assets/Resource/Donuts_blend/donuts_textures/Donut_7_Diffuse.png using Guid(edf6781bcb1d8e849afcdb2582e4a46d) Importer(815301076,1909f56bfc062723c751e8b465ee728b)  -> (artifact id: '1a1fdc6c26873a55b8485dc40b609556') in 0.022600 seconds 
  Import took 0.027321 seconds .

========================================================================
Received Import Request.
  Time since last request: 0.000473 seconds.
  path: Assets/Resource/Donuts_blend/donuts_textures/Donut_Normal.png
  artifactKey: Guid(290966c25c98d6943a307cd06a266cf4) Importer(815301076,1909f56bfc062723c751e8b465ee728b)
Start importing Assets/Resource/Donuts_blend/donuts_textures/Donut_Normal.png using Guid(290966c25c98d6943a307cd06a266cf4) Importer(815301076,1909f56bfc062723c751e8b465ee728b)  -> (artifact id: '5d8a5569bf25c82dda7667e7155ea923') in 0.022577 seconds 
  Import took 0.027557 seconds .

========================================================================
Received Import Request.
  Time since last request: 0.000441 seconds.
  path: Assets/Resource/Donuts_blend/donuts_textures/Donut_Displacement.png
  artifactKey: Guid(5651ad5d135cf594ba2a14cc1f9c1797) Importer(815301076,1909f56bfc062723c751e8b465ee728b)
Start importing Assets/Resource/Donuts_blend/donuts_textures/Donut_Displacement.png using Guid(5651ad5d135cf594ba2a14cc1f9c1797) Importer(815301076,1909f56bfc062723c751e8b465ee728b)  -> (artifact id: '4b9e8ab170c4e935f84ec8ae1eddd5ff') in 0.028558 seconds 
  Import took 0.032611 seconds .

========================================================================
Received Import Request.
  Time since last request: 0.000323 seconds.
  path: Assets/Resource/Donuts_blend/donuts_textures/Donut_Roughness.png
  artifactKey: Guid(228fe52963a4c324ba13ad05fadbf8af) Importer(815301076,1909f56bfc062723c751e8b465ee728b)
Start importing Assets/Resource/Donuts_blend/donuts_textures/Donut_Roughness.png using Guid(228fe52963a4c324ba13ad05fadbf8af) Importer(815301076,1909f56bfc062723c751e8b465ee728b)  -> (artifact id: '9ae357791361f5ef20d1c399a920863e') in 0.019755 seconds 
  Import took 0.024196 seconds .

========================================================================
Received Import Request.
  Time since last request: 0.000435 seconds.
  path: Assets/Resource/Donuts_blend/donuts_textures/Donut_Diffuse.png
  artifactKey: Guid(3edc0811fcfc10348a2cd7f3ebd9a201) Importer(815301076,1909f56bfc062723c751e8b465ee728b)
Start importing Assets/Resource/Donuts_blend/donuts_textures/Donut_Diffuse.png using Guid(3edc0811fcfc10348a2cd7f3ebd9a201) Importer(815301076,1909f56bfc062723c751e8b465ee728b)  -> (artifact id: '265dc90d02f8f1be104e8a37e0951d1a') in 0.020054 seconds 
  Import took 0.025449 seconds .

========================================================================
Received Import Request.
  Time since last request: 159.347529 seconds.
  path: Assets/Resource/Object/pizza2.obj
  artifactKey: Guid(7936fa4dbb5131048a5023faeedadd53) Importer(815301076,1909f56bfc062723c751e8b465ee728b)
Start importing Assets/Resource/Object/pizza2.obj using Guid(7936fa4dbb5131048a5023faeedadd53) Importer(815301076,1909f56bfc062723c751e8b465ee728b)  -> (artifact id: '6051218e48cac41ee86af0b3aca3fa8f') in 0.058959 seconds 
  Import took 0.064084 seconds .

========================================================================
Received Import Request.
  Time since last request: 1.484402 seconds.
  path: Assets/Resource/Object/pizza_obj.zip
  artifactKey: Guid(9f7d470fc8fbbea48a388e7b7e94712f) Importer(815301076,1909f56bfc062723c751e8b465ee728b)
Start importing Assets/Resource/Object/pizza_obj.zip using Guid(9f7d470fc8fbbea48a388e7b7e94712f) Importer(815301076,1909f56bfc062723c751e8b465ee728b)  -> (artifact id: '2c48cf0f9fac01628500084fd37bbef9') in 0.010890 seconds 
  Import took 0.018249 seconds .

========================================================================
Received Import Request.
  Time since last request: 21.541547 seconds.
  path: Assets/Resource/Object/pizza.obj
  artifactKey: Guid(60e023b7dd2d6b244ae24612309786d2) Importer(815301076,1909f56bfc062723c751e8b465ee728b)
Start importing Assets/Resource/Object/pizza.obj using Guid(60e023b7dd2d6b244ae24612309786d2) Importer(815301076,1909f56bfc062723c751e8b465ee728b)  -> (artifact id: '613123fbe621ad3cc273b6d7e5af1508') in 0.091962 seconds 
  Import took 0.098267 seconds .

========================================================================
Received Import Request.
  Time since last request: 9.383489 seconds.
  path: Assets/Resource/Object/pizza.mtl
  artifactKey: Guid(c2ef114af5fe97b41a8a067b5ba32564) Importer(815301076,1909f56bfc062723c751e8b465ee728b)
Start importing Assets/Resource/Object/pizza.mtl using Guid(c2ef114af5fe97b41a8a067b5ba32564) Importer(815301076,1909f56bfc062723c751e8b465ee728b)  -> (artifact id: '095409582dc194b861a0a8dc56d59316') in 0.017837 seconds 
  Import took 0.023903 seconds .

========================================================================
Received Import Request.
  Time since last request: 0.000714 seconds.
  path: Assets/Resource/Object/pizza.mtl
  artifactKey: Guid(c2ef114af5fe97b41a8a067b5ba32564) Importer(815301076,1909f56bfc062723c751e8b465ee728b)
Start importing Assets/Resource/Object/pizza.mtl using Guid(c2ef114af5fe97b41a8a067b5ba32564) Importer(815301076,1909f56bfc062723c751e8b465ee728b)  -> (artifact id: '095409582dc194b861a0a8dc56d59316') in 0.008973 seconds 
  Import took 0.015243 seconds .

========================================================================
Received Prepare
Registering precompiled user dll's ...
Registered in 0.018477 seconds.
Begin MonoManager ReloadAssembly
Native extension for WindowsStandalone target not found
Refreshing native plugins compatible for Editor in 0.48 ms, found 2 plugins.
Preloading 0 native plugins for Editor in 0.00 ms.
Mono: successfully reloaded assembly
- Completed reload, in  1.628 seconds
Platform modules already initialized, skipping
Refreshing native plugins compatible for Editor in 0.84 ms, found 2 plugins.
Preloading 0 native plugins for Editor in 0.00 ms.
Unloading 1723 Unused Serialized files (Serialized files now loaded: 0)
System memory in use before: 82.2 MB.
System memory in use after: 82.2 MB.

Unloading 16 unused Assets to reduce memory usage. Loaded Objects now: 2214.
Total: 3.022300 ms (FindLiveObjects: 0.211600 ms CreateObjectMapping: 0.094000 ms MarkObjects: 2.615100 ms  DeleteObjects: 0.100100 ms)

AssetImportParameters requested are different than current active one (requested -> active):
  custom:framework-win-MediaFoundation: 216162199b28c13a410421893ffa2e32 -> 
  custom:video-decoder-ogg-theora: a1e56fd34408186e4bbccfd4996cb3dc -> 
  custom:container-muxer-webm: aa71ff27fc2769a1b78a27578f13a17b -> 
  custom:container-demuxer-webm: 4f35f7cbe854078d1ac9338744f61a02 -> 
  custom:container-demuxer-ogg: 62fdf1f143b41e24485cea50d1cbac27 -> 
  custom:video-encoder-webm-vp8: eb34c28f22e8b96e1ab97ce403110664 -> 
  custom:video-codec-MediaFoundation-h265: 746d11721c4dcdbdad8f713fa42b33f4 -> 
  custom:video-decoder-webm-vp8: 9c59270c3fd7afecdb556c50c9e8de78 -> 
  custom:audio-decoder-ogg-vorbis: bf7c407c2cedff20999df2af8eb42d56 -> 
  custom:audio-encoder-webm-vorbis: bf7c407c2cedff20999df2af8eb42d56 -> 
========================================================================
Received Prepare
Registering precompiled user dll's ...
Registered in 0.010859 seconds.
Begin MonoManager ReloadAssembly
Native extension for WindowsStandalone target not found
Refreshing native plugins compatible for Editor in 0.46 ms, found 2 plugins.
Preloading 0 native plugins for Editor in 0.00 ms.
Mono: successfully reloaded assembly
- Completed reload, in  1.877 seconds
Platform modules already initialized, skipping
Refreshing native plugins compatible for Editor in 0.52 ms, found 2 plugins.
Preloading 0 native plugins for Editor in 0.00 ms.
Unloading 1723 Unused Serialized files (Serialized files now loaded: 0)
System memory in use before: 82.2 MB.
System memory in use after: 82.3 MB.

Unloading 16 unused Assets to reduce memory usage. Loaded Objects now: 2218.
Total: 4.631600 ms (FindLiveObjects: 0.418400 ms CreateObjectMapping: 0.145100 ms MarkObjects: 3.957300 ms  DeleteObjects: 0.108900 ms)

AssetImportParameters requested are different than current active one (requested -> active):
  custom:framework-win-MediaFoundation: 216162199b28c13a410421893ffa2e32 -> 
  custom:video-decoder-ogg-theora: a1e56fd34408186e4bbccfd4996cb3dc -> 
  custom:container-muxer-webm: aa71ff27fc2769a1b78a27578f13a17b -> 
  custom:container-demuxer-webm: 4f35f7cbe854078d1ac9338744f61a02 -> 
  custom:container-demuxer-ogg: 62fdf1f143b41e24485cea50d1cbac27 -> 
  custom:video-encoder-webm-vp8: eb34c28f22e8b96e1ab97ce403110664 -> 
  custom:video-codec-MediaFoundation-h265: 746d11721c4dcdbdad8f713fa42b33f4 -> 
  custom:video-decoder-webm-vp8: 9c59270c3fd7afecdb556c50c9e8de78 -> 
  custom:audio-decoder-ogg-vorbis: bf7c407c2cedff20999df2af8eb42d56 -> 
  custom:audio-encoder-webm-vorbis: bf7c407c2cedff20999df2af8eb42d56 -> 
========================================================================
Received Prepare
Registering precompiled user dll's ...
Registered in 0.015862 seconds.
Begin MonoManager ReloadAssembly
Native extension for WindowsStandalone target not found
Refreshing native plugins compatible for Editor in 0.43 ms, found 2 plugins.
Preloading 0 native plugins for Editor in 0.00 ms.
Mono: successfully reloaded assembly
- Completed reload, in  1.431 seconds
Platform modules already initialized, skipping
Refreshing native plugins compatible for Editor in 1.46 ms, found 2 plugins.
Preloading 0 native plugins for Editor in 0.00 ms.
Unloading 1723 Unused Serialized files (Serialized files now loaded: 0)
System memory in use before: 82.2 MB.
System memory in use after: 82.3 MB.

Unloading 16 unused Assets to reduce memory usage. Loaded Objects now: 2222.
Total: 15.604400 ms (FindLiveObjects: 0.492900 ms CreateObjectMapping: 0.164400 ms MarkObjects: 8.605900 ms  DeleteObjects: 6.339400 ms)

AssetImportParameters requested are different than current active one (requested -> active):
  custom:framework-win-MediaFoundation: 216162199b28c13a410421893ffa2e32 -> 
  custom:video-decoder-ogg-theora: a1e56fd34408186e4bbccfd4996cb3dc -> 
  custom:container-muxer-webm: aa71ff27fc2769a1b78a27578f13a17b -> 
  custom:container-demuxer-webm: 4f35f7cbe854078d1ac9338744f61a02 -> 
  custom:container-demuxer-ogg: 62fdf1f143b41e24485cea50d1cbac27 -> 
  custom:video-encoder-webm-vp8: eb34c28f22e8b96e1ab97ce403110664 -> 
  custom:video-codec-MediaFoundation-h265: 746d11721c4dcdbdad8f713fa42b33f4 -> 
  custom:video-decoder-webm-vp8: 9c59270c3fd7afecdb556c50c9e8de78 -> 
  custom:audio-decoder-ogg-vorbis: bf7c407c2cedff20999df2af8eb42d56 -> 
  custom:audio-encoder-webm-vorbis: bf7c407c2cedff20999df2af8eb42d56 -> 
========================================================================
Received Prepare
Registering precompiled user dll's ...
Registered in 0.012124 seconds.
Begin MonoManager ReloadAssembly
Native extension for WindowsStandalone target not found
Refreshing native plugins compatible for Editor in 0.40 ms, found 2 plugins.
Preloading 0 native plugins for Editor in 0.00 ms.
Mono: successfully reloaded assembly
- Completed reload, in  1.963 seconds
Platform modules already initialized, skipping
Refreshing native plugins compatible for Editor in 0.38 ms, found 2 plugins.
Preloading 0 native plugins for Editor in 0.00 ms.
Unloading 1723 Unused Serialized files (Serialized files now loaded: 0)
System memory in use before: 82.2 MB.
System memory in use after: 82.3 MB.

Unloading 16 unused Assets to reduce memory usage. Loaded Objects now: 2226.
Total: 2.695200 ms (FindLiveObjects: 0.253600 ms CreateObjectMapping: 0.089200 ms MarkObjects: 2.244200 ms  DeleteObjects: 0.107300 ms)

AssetImportParameters requested are different than current active one (requested -> active):
  custom:framework-win-MediaFoundation: 216162199b28c13a410421893ffa2e32 -> 
  custom:video-decoder-ogg-theora: a1e56fd34408186e4bbccfd4996cb3dc -> 
  custom:container-muxer-webm: aa71ff27fc2769a1b78a27578f13a17b -> 
  custom:container-demuxer-webm: 4f35f7cbe854078d1ac9338744f61a02 -> 
  custom:container-demuxer-ogg: 62fdf1f143b41e24485cea50d1cbac27 -> 
  custom:video-encoder-webm-vp8: eb34c28f22e8b96e1ab97ce403110664 -> 
  custom:video-codec-MediaFoundation-h265: 746d11721c4dcdbdad8f713fa42b33f4 -> 
  custom:video-decoder-webm-vp8: 9c59270c3fd7afecdb556c50c9e8de78 -> 
  custom:audio-decoder-ogg-vorbis: bf7c407c2cedff20999df2af8eb42d56 -> 
  custom:audio-encoder-webm-vorbis: bf7c407c2cedff20999df2af8eb42d56 -> 
========================================================================
Received Prepare
Registering precompiled user dll's ...
Registered in 0.010948 seconds.
Begin MonoManager ReloadAssembly
Native extension for WindowsStandalone target not found
Refreshing native plugins compatible for Editor in 0.50 ms, found 2 plugins.
Preloading 0 native plugins for Editor in 0.00 ms.
Mono: successfully reloaded assembly
- Completed reload, in  1.549 seconds
Platform modules already initialized, skipping
Refreshing native plugins compatible for Editor in 0.40 ms, found 2 plugins.
Preloading 0 native plugins for Editor in 0.00 ms.
Unloading 1723 Unused Serialized files (Serialized files now loaded: 0)
System memory in use before: 82.3 MB.
System memory in use after: 82.3 MB.

Unloading 16 unused Assets to reduce memory usage. Loaded Objects now: 2230.
Total: 2.570900 ms (FindLiveObjects: 0.196600 ms CreateObjectMapping: 0.064400 ms MarkObjects: 2.202900 ms  DeleteObjects: 0.105900 ms)

AssetImportParameters requested are different than current active one (requested -> active):
  custom:framework-win-MediaFoundation: 216162199b28c13a410421893ffa2e32 -> 
  custom:video-decoder-ogg-theora: a1e56fd34408186e4bbccfd4996cb3dc -> 
  custom:container-muxer-webm: aa71ff27fc2769a1b78a27578f13a17b -> 
  custom:container-demuxer-webm: 4f35f7cbe854078d1ac9338744f61a02 -> 
  custom:container-demuxer-ogg: 62fdf1f143b41e24485cea50d1cbac27 -> 
  custom:video-encoder-webm-vp8: eb34c28f22e8b96e1ab97ce403110664 -> 
  custom:video-codec-MediaFoundation-h265: 746d11721c4dcdbdad8f713fa42b33f4 -> 
  custom:video-decoder-webm-vp8: 9c59270c3fd7afecdb556c50c9e8de78 -> 
  custom:audio-decoder-ogg-vorbis: bf7c407c2cedff20999df2af8eb42d56 -> 
  custom:audio-encoder-webm-vorbis: bf7c407c2cedff20999df2af8eb42d56 -> 
========================================================================
Received Prepare
Registering precompiled user dll's ...
Registered in 0.018845 seconds.
Begin MonoManager ReloadAssembly
Native extension for WindowsStandalone target not found
Refreshing native plugins compatible for Editor in 0.48 ms, found 2 plugins.
Preloading 0 native plugins for Editor in 0.00 ms.
Mono: successfully reloaded assembly
- Completed reload, in  2.279 seconds
Platform modules already initialized, skipping
Refreshing native plugins compatible for Editor in 0.61 ms, found 2 plugins.
Preloading 0 native plugins for Editor in 0.00 ms.
Unloading 1723 Unused Serialized files (Serialized files now loaded: 0)
System memory in use before: 82.3 MB.
System memory in use after: 82.3 MB.

Unloading 16 unused Assets to reduce memory usage. Loaded Objects now: 2234.
Total: 3.564900 ms (FindLiveObjects: 0.425000 ms CreateObjectMapping: 0.164200 ms MarkObjects: 2.901000 ms  DeleteObjects: 0.073100 ms)

AssetImportParameters requested are different than current active one (requested -> active):
  custom:framework-win-MediaFoundation: 216162199b28c13a410421893ffa2e32 -> 
  custom:video-decoder-ogg-theora: a1e56fd34408186e4bbccfd4996cb3dc -> 
  custom:container-muxer-webm: aa71ff27fc2769a1b78a27578f13a17b -> 
  custom:container-demuxer-webm: 4f35f7cbe854078d1ac9338744f61a02 -> 
  custom:container-demuxer-ogg: 62fdf1f143b41e24485cea50d1cbac27 -> 
  custom:video-encoder-webm-vp8: eb34c28f22e8b96e1ab97ce403110664 -> 
  custom:video-codec-MediaFoundation-h265: 746d11721c4dcdbdad8f713fa42b33f4 -> 
  custom:video-decoder-webm-vp8: 9c59270c3fd7afecdb556c50c9e8de78 -> 
  custom:audio-decoder-ogg-vorbis: bf7c407c2cedff20999df2af8eb42d56 -> 
  custom:audio-encoder-webm-vorbis: bf7c407c2cedff20999df2af8eb42d56 -> 
========================================================================
Received Import Request.
  Time since last request: 1524.669923 seconds.
  path: Assets/Prefabs
  artifactKey: Guid(70044b8c35ceec94cae9edae219a42e1) Importer(815301076,1909f56bfc062723c751e8b465ee728b)
Start importing Assets/Prefabs using Guid(70044b8c35ceec94cae9edae219a42e1) Importer(815301076,1909f56bfc062723c751e8b465ee728b)  -> (artifact id: '6134107bcfc4ae384ec6698eb237d83a') in 0.015508 seconds 
  Import took 0.021103 seconds .

========================================================================
Received Import Request.
  Time since last request: 5.660468 seconds.
  path: Assets/Prefabs/pizza.prefab
  artifactKey: Guid(1081a3954eb4c4e42b8174a3900f57c4) Importer(815301076,1909f56bfc062723c751e8b465ee728b)
Start importing Assets/Prefabs/pizza.prefab using Guid(1081a3954eb4c4e42b8174a3900f57c4) Importer(815301076,1909f56bfc062723c751e8b465ee728b)  -> (artifact id: '9f1f517ac446a15e1044d721137a3ef6') in 0.104825 seconds 
  Import took 0.109571 seconds .

========================================================================
Received Import Request.
  Time since last request: 13.961612 seconds.
  path: Assets/XR/XRGeneralSettings.asset
  artifactKey: Guid(2e5e5d01b43f7f946b6567226b540eb2) Importer(815301076,1909f56bfc062723c751e8b465ee728b)
Start importing Assets/XR/XRGeneralSettings.asset using Guid(2e5e5d01b43f7f946b6567226b540eb2) Importer(815301076,1909f56bfc062723c751e8b465ee728b)  -> (artifact id: 'f290b71b2cfe315b97903e342642256b') in 0.032526 seconds 
  Import took 0.036905 seconds .

========================================================================
Received Import Request.
  Time since last request: 0.001077 seconds.
  path: Assets/XR/Settings/AR Core Settings.asset
  artifactKey: Guid(49e508af2daa5dd43b9dcafc42be0d97) Importer(815301076,1909f56bfc062723c751e8b465ee728b)
Start importing Assets/XR/Settings/AR Core Settings.asset using Guid(49e508af2daa5dd43b9dcafc42be0d97) Importer(815301076,1909f56bfc062723c751e8b465ee728b)  -> (artifact id: '59f7284a5ab91b9e28d0cc8bee87d59b') in 0.011253 seconds 
  Import took 0.017920 seconds .

========================================================================
Received Import Request.
  Time since last request: 0.000373 seconds.
  path: Assets/XR/Loaders/AR Core Loader.asset
  artifactKey: Guid(1fe8872b51485794498d9469a44a63b7) Importer(815301076,1909f56bfc062723c751e8b465ee728b)
Start importing Assets/XR/Loaders/AR Core Loader.asset using Guid(1fe8872b51485794498d9469a44a63b7) Importer(815301076,1909f56bfc062723c751e8b465ee728b)  -> (artifact id: '33bf88b17b386f4c994196db3d0c7441') in 0.011119 seconds 
  Import took 0.016050 seconds .

========================================================================
Received Import Request.
  Time since last request: 0.000341 seconds.
  path: Assets/XR/XRGeneralSettings.asset
  artifactKey: Guid(2e5e5d01b43f7f946b6567226b540eb2) Importer(815301076,1909f56bfc062723c751e8b465ee728b)
Start importing Assets/XR/XRGeneralSettings.asset using Guid(2e5e5d01b43f7f946b6567226b540eb2) Importer(815301076,1909f56bfc062723c751e8b465ee728b)  -> (artifact id: 'f290b71b2cfe315b97903e342642256b') in 0.010431 seconds 
  Import took 0.013938 seconds .

========================================================================
Received Import Request.
  Time since last request: 0.035523 seconds.
  path: Assets/XR/Loaders/AR Core Loader.asset
  artifactKey: Guid(1fe8872b51485794498d9469a44a63b7) Importer(815301076,1909f56bfc062723c751e8b465ee728b)
Start importing Assets/XR/Loaders/AR Core Loader.asset using Guid(1fe8872b51485794498d9469a44a63b7) Importer(815301076,1909f56bfc062723c751e8b465ee728b)  -> (artifact id: '33bf88b17b386f4c994196db3d0c7441') in 0.009383 seconds 
  Import took 0.013554 seconds .

========================================================================
Received Import Request.
  Time since last request: 269.908335 seconds.
  path: Assets/Scripts/ARPlaceOnPlane.cs
  artifactKey: Guid(0f15cfea9d80b0a4eb51ff46dc413359) Importer(815301076,1909f56bfc062723c751e8b465ee728b)
Start importing Assets/Scripts/ARPlaceOnPlane.cs using Guid(0f15cfea9d80b0a4eb51ff46dc413359) Importer(815301076,1909f56bfc062723c751e8b465ee728b)  -> (artifact id: 'b6af7cbc7cdf2827c9b2e25cad178c58') in 0.009570 seconds 
  Import took 0.014140 seconds .

========================================================================
Received Prepare
Registering precompiled user dll's ...
Registered in 0.011613 seconds.
Begin MonoManager ReloadAssembly
Native extension for WindowsStandalone target not found
Refreshing native plugins compatible for Editor in 0.45 ms, found 2 plugins.
Preloading 0 native plugins for Editor in 0.00 ms.
Mono: successfully reloaded assembly
- Completed reload, in  1.681 seconds
Platform modules already initialized, skipping
Refreshing native plugins compatible for Editor in 0.83 ms, found 2 plugins.
Preloading 0 native plugins for Editor in 0.00 ms.
Unloading 1723 Unused Serialized files (Serialized files now loaded: 0)
System memory in use before: 82.2 MB.
System memory in use after: 82.3 MB.

Unloading 16 unused Assets to reduce memory usage. Loaded Objects now: 2239.
Total: 3.273400 ms (FindLiveObjects: 0.285100 ms CreateObjectMapping: 0.116600 ms MarkObjects: 2.774200 ms  DeleteObjects: 0.095900 ms)

AssetImportParameters requested are different than current active one (requested -> active):
  custom:framework-win-MediaFoundation: 216162199b28c13a410421893ffa2e32 -> 
  custom:video-decoder-ogg-theora: a1e56fd34408186e4bbccfd4996cb3dc -> 
  custom:container-muxer-webm: aa71ff27fc2769a1b78a27578f13a17b -> 
  custom:container-demuxer-webm: 4f35f7cbe854078d1ac9338744f61a02 -> 
  custom:container-demuxer-ogg: 62fdf1f143b41e24485cea50d1cbac27 -> 
  custom:video-encoder-webm-vp8: eb34c28f22e8b96e1ab97ce403110664 -> 
  custom:video-codec-MediaFoundation-h265: 746d11721c4dcdbdad8f713fa42b33f4 -> 
  custom:video-decoder-webm-vp8: 9c59270c3fd7afecdb556c50c9e8de78 -> 
  custom:audio-decoder-ogg-vorbis: bf7c407c2cedff20999df2af8eb42d56 -> 
  custom:audio-encoder-webm-vorbis: bf7c407c2cedff20999df2af8eb42d56 -> 
========================================================================
Received Prepare
Registering precompiled user dll's ...
Registered in 0.014040 seconds.
Begin MonoManager ReloadAssembly
Native extension for WindowsStandalone target not found
Refreshing native plugins compatible for Editor in 1.11 ms, found 2 plugins.
Preloading 0 native plugins for Editor in 0.00 ms.
Mono: successfully reloaded assembly
- Completed reload, in  1.790 seconds
Platform modules already initialized, skipping
Refreshing native plugins compatible for Editor in 0.39 ms, found 2 plugins.
Preloading 0 native plugins for Editor in 0.00 ms.
Unloading 1723 Unused Serialized files (Serialized files now loaded: 0)
System memory in use before: 82.2 MB.
System memory in use after: 82.3 MB.

Unloading 16 unused Assets to reduce memory usage. Loaded Objects now: 2243.
Total: 2.512400 ms (FindLiveObjects: 0.177400 ms CreateObjectMapping: 0.064900 ms MarkObjects: 2.124400 ms  DeleteObjects: 0.144700 ms)

AssetImportParameters requested are different than current active one (requested -> active):
  custom:framework-win-MediaFoundation: 216162199b28c13a410421893ffa2e32 -> 
  custom:video-decoder-ogg-theora: a1e56fd34408186e4bbccfd4996cb3dc -> 
  custom:container-muxer-webm: aa71ff27fc2769a1b78a27578f13a17b -> 
  custom:container-demuxer-webm: 4f35f7cbe854078d1ac9338744f61a02 -> 
  custom:container-demuxer-ogg: 62fdf1f143b41e24485cea50d1cbac27 -> 
  custom:video-encoder-webm-vp8: eb34c28f22e8b96e1ab97ce403110664 -> 
  custom:video-codec-MediaFoundation-h265: 746d11721c4dcdbdad8f713fa42b33f4 -> 
  custom:video-decoder-webm-vp8: 9c59270c3fd7afecdb556c50c9e8de78 -> 
  custom:audio-decoder-ogg-vorbis: bf7c407c2cedff20999df2af8eb42d56 -> 
  custom:audio-encoder-webm-vorbis: bf7c407c2cedff20999df2af8eb42d56 -> 
========================================================================
Received Prepare
Registering precompiled user dll's ...
Registered in 0.013923 seconds.
Begin MonoManager ReloadAssembly
Native extension for WindowsStandalone target not found
Refreshing native plugins compatible for Editor in 0.52 ms, found 2 plugins.
Preloading 0 native plugins for Editor in 0.00 ms.
Mono: successfully reloaded assembly
- Completed reload, in  1.606 seconds
Platform modules already initialized, skipping
Refreshing native plugins compatible for Editor in 0.45 ms, found 2 plugins.
Preloading 0 native plugins for Editor in 0.00 ms.
Unloading 1723 Unused Serialized files (Serialized files now loaded: 0)
System memory in use before: 82.3 MB.
System memory in use after: 82.3 MB.

Unloading 16 unused Assets to reduce memory usage. Loaded Objects now: 2247.
Total: 2.602400 ms (FindLiveObjects: 0.207900 ms CreateObjectMapping: 0.064000 ms MarkObjects: 2.244500 ms  DeleteObjects: 0.084600 ms)

AssetImportParameters requested are different than current active one (requested -> active):
  custom:framework-win-MediaFoundation: 216162199b28c13a410421893ffa2e32 -> 
  custom:video-decoder-ogg-theora: a1e56fd34408186e4bbccfd4996cb3dc -> 
  custom:container-muxer-webm: aa71ff27fc2769a1b78a27578f13a17b -> 
  custom:container-demuxer-webm: 4f35f7cbe854078d1ac9338744f61a02 -> 
  custom:container-demuxer-ogg: 62fdf1f143b41e24485cea50d1cbac27 -> 
  custom:video-encoder-webm-vp8: eb34c28f22e8b96e1ab97ce403110664 -> 
  custom:video-codec-MediaFoundation-h265: 746d11721c4dcdbdad8f713fa42b33f4 -> 
  custom:video-decoder-webm-vp8: 9c59270c3fd7afecdb556c50c9e8de78 -> 
  custom:audio-decoder-ogg-vorbis: bf7c407c2cedff20999df2af8eb42d56 -> 
  custom:audio-encoder-webm-vorbis: bf7c407c2cedff20999df2af8eb42d56 -> 
========================================================================
Received Prepare
Registering precompiled user dll's ...
Registered in 0.018665 seconds.
Begin MonoManager ReloadAssembly
Native extension for WindowsStandalone target not found
Refreshing native plugins compatible for Editor in 0.59 ms, found 2 plugins.
Preloading 0 native plugins for Editor in 0.00 ms.
Mono: successfully reloaded assembly
- Completed reload, in  1.612 seconds
Platform modules already initialized, skipping
Refreshing native plugins compatible for Editor in 0.52 ms, found 2 plugins.
Preloading 0 native plugins for Editor in 0.00 ms.
Unloading 1723 Unused Serialized files (Serialized files now loaded: 0)
System memory in use before: 82.3 MB.
System memory in use after: 82.3 MB.

Unloading 16 unused Assets to reduce memory usage. Loaded Objects now: 2251.
Total: 2.944200 ms (FindLiveObjects: 0.198300 ms CreateObjectMapping: 0.065800 ms MarkObjects: 2.592900 ms  DeleteObjects: 0.085700 ms)

AssetImportParameters requested are different than current active one (requested -> active):
  custom:framework-win-MediaFoundation: 216162199b28c13a410421893ffa2e32 -> 
  custom:video-decoder-ogg-theora: a1e56fd34408186e4bbccfd4996cb3dc -> 
  custom:container-muxer-webm: aa71ff27fc2769a1b78a27578f13a17b -> 
  custom:container-demuxer-webm: 4f35f7cbe854078d1ac9338744f61a02 -> 
  custom:container-demuxer-ogg: 62fdf1f143b41e24485cea50d1cbac27 -> 
  custom:video-encoder-webm-vp8: eb34c28f22e8b96e1ab97ce403110664 -> 
  custom:video-codec-MediaFoundation-h265: 746d11721c4dcdbdad8f713fa42b33f4 -> 
  custom:video-decoder-webm-vp8: 9c59270c3fd7afecdb556c50c9e8de78 -> 
  custom:audio-decoder-ogg-vorbis: bf7c407c2cedff20999df2af8eb42d56 -> 
  custom:audio-encoder-webm-vorbis: bf7c407c2cedff20999df2af8eb42d56 -> 
AssetImportWorkerClient::OnTransportError - code=2 error=End of file
